<?xml version="1.0" encoding="UTF-8"?>
<!-- Generated by org.testng.reporters.JUnitReportReporter -->
<testsuite hostname="LAPTOP-T1K04SHS" name="WebsiteTest.VerifyCommunitySite" tests="2" failures="0" timestamp="17 Oct 2021 18:43:40 GMT" time="41.262" errors="0">
  <testcase name="verifysite" time="11.540" classname="WebsiteTest.VerifyCommunitySite"/>
  <testcase name="verifysite" time="29.722" classname="WebsiteTest.VerifyCommunitySite"/>
</testsuite> <!-- WebsiteTest.VerifyCommunitySite -->
